<?xml version="1.0" encoding="UTF-8"?>
<!-- Generated by org.testng.reporters.JUnitReportReporter -->
<testsuite hostname="IMCTBCP103-MSL1" failures="0" tests="1" name="citius_project.Testngscript" time="18.490" errors="0" timestamp="2021-09-13T11:36:16 IST" skipped="0">
  <testcase classname="citius_project.Testngscript" name="launch" time="18.490"/>
  <system-out/>
</testsuite> <!-- citius_project.Testngscript -->
